# JRE version: Java(TM) SE Runtime Environment (8.0_05-b13) (build 1.8.0_05-b13)
# Java VM: Java HotSpot(TM) 64-Bit Server VM (25.5-b02 mixed mode bsd-amd64 compressed oops)
Heap:
 PSYoungGen      total 61440K, used 41240K [0x0000000795580000, 0x0000000799a00000, 0x00000007c0000000)
  eden space 56320K, 64% used [0x0000000795580000,0x00000007978edbc8,0x0000000798c80000)
  from space 5120K, 96% used [0x0000000799500000,0x00000007999d86d8,0x0000000799a00000)
  to   space 6144K, 0% used [0x0000000798e00000,0x0000000798e00000,0x0000000799400000)
 ParOldGen       total 15360K, used 11819K [0x0000000740000000, 0x0000000740f00000, 0x0000000795580000)
  object space 15360K, 76% used [0x0000000740000000,0x0000000740b8ae80,0x0000000740f00000)
 Metaspace       used 34785K, capacity 35080K, committed 35200K, reserved 1079296K
  class space    used 4341K, capacity 4434K, committed 4480K, reserved 1048576K
GC Heap History (10 events):
Event: 3.910 GC heap before
{Heap before GC invocations=16 (full 0):
 PSYoungGen      total 35328K, used 18639K [0x0000000795580000, 0x0000000798f00000, 0x00000007c0000000)
  eden space 32256K, 49% used [0x0000000795580000,0x000000079650e7c8,0x0000000797500000)
  from space 3072K, 88% used [0x0000000797500000,0x00000007977a5650,0x0000000797800000)
  to   space 3584K, 0% used [0x0000000798b80000,0x0000000798b80000,0x0000000798f00000)
 ParOldGen       total 129536K, used 5537K [0x0000000740000000, 0x0000000747e80000, 0x0000000795580000)
  object space 129536K, 4% used [0x0000000740000000,0x00000007405684e8,0x0000000747e80000)
 Metaspace       used 20946K, capacity 21088K, committed 21248K, reserved 1067008K
  class space    used 2699K, capacity 2746K, committed 2816K, reserved 1048576K
Event: 3.916 GC heap after
Heap after GC invocations=16 (full 0):
 PSYoungGen      total 55296K, used 1953K [0x0000000795580000, 0x0000000798f00000, 0x00000007c0000000)
  eden space 51712K, 0% used [0x0000000795580000,0x0000000795580000,0x0000000798800000)
  from space 3584K, 54% used [0x0000000798b80000,0x0000000798d684a0,0x0000000798f00000)
  to   space 3584K, 0% used [0x0000000798800000,0x0000000798800000,0x0000000798b80000)
 ParOldGen       total 129536K, used 6279K [0x0000000740000000, 0x0000000747e80000, 0x0000000795580000)
  object space 129536K, 4% used [0x0000000740000000,0x0000000740621d30,0x0000000747e80000)
 Metaspace       used 20946K, capacity 21088K, committed 21248K, reserved 1067008K
  class space    used 2699K, capacity 2746K, committed 2816K, reserved 1048576K
}
Event: 3.916 GC heap before
{Heap before GC invocations=17 (full 1):
 PSYoungGen      total 55296K, used 1953K [0x0000000795580000, 0x0000000798f00000, 0x00000007c0000000)
  eden space 51712K, 0% used [0x0000000795580000,0x0000000795580000,0x0000000798800000)
  from space 3584K, 54% used [0x0000000798b80000,0x0000000798d684a0,0x0000000798f00000)
  to   space 3584K, 0% used [0x0000000798800000,0x0000000798800000,0x0000000798b80000)
 ParOldGen       total 129536K, used 6279K [0x0000000740000000, 0x0000000747e80000, 0x0000000795580000)
  object space 129536K, 4% used [0x0000000740000000,0x0000000740621d30,0x0000000747e80000)
 Metaspace       used 20946K, capacity 21088K, committed 21248K, reserved 1067008K
  class space    used 2699K, capacity 2746K, committed 2816K, reserved 1048576K
Event: 4.018 GC heap after
Heap after GC invocations=17 (full 1):
 PSYoungGen      total 55296K, used 0K [0x0000000795580000, 0x0000000798f00000, 0x00000007c0000000)
  eden space 51712K, 0% used [0x0000000795580000,0x0000000795580000,0x0000000798800000)
  from space 3584K, 0% used [0x0000000798b80000,0x0000000798b80000,0x0000000798f00000)
  to   space 3584K, 0% used [0x0000000798800000,0x0000000798800000,0x0000000798b80000)
 ParOldGen       total 9728K, used 7235K [0x0000000740000000, 0x0000000740980000, 0x0000000795580000)
  object space 9728K, 74% used [0x0000000740000000,0x0000000740710eb8,0x0000000740980000)
 Metaspace       used 20946K, capacity 21088K, committed 21248K, reserved 1067008K
  class space    used 2699K, capacity 2746K, committed 2816K, reserved 1048576K
}
Event: 5.626 GC heap before
{Heap before GC invocations=18 (full 1):
 PSYoungGen      total 55296K, used 51712K [0x0000000795580000, 0x0000000798f00000, 0x00000007c0000000)
  eden space 51712K, 100% used [0x0000000795580000,0x0000000798800000,0x0000000798800000)
  from space 3584K, 0% used [0x0000000798b80000,0x0000000798b80000,0x0000000798f00000)
  to   space 3584K, 0% used [0x0000000798800000,0x0000000798800000,0x0000000798b80000)
 ParOldGen       total 9728K, used 7235K [0x0000000740000000, 0x0000000740980000, 0x0000000795580000)
  object space 9728K, 74% used [0x0000000740000000,0x0000000740710eb8,0x0000000740980000)
 Metaspace       used 27418K, capacity 27558K, committed 27776K, reserved 1073152K
  class space    used 3403K, capacity 3451K, committed 3456K, reserved 1048576K
Event: 5.645 GC heap after
Heap after GC invocations=18 (full 1):
 PSYoungGen      total 55296K, used 3573K [0x0000000795580000, 0x0000000799a00000, 0x00000007c0000000)
  eden space 51712K, 0% used [0x0000000795580000,0x0000000795580000,0x0000000798800000)
  from space 3584K, 99% used [0x0000000798800000,0x0000000798b7d420,0x0000000798b80000)
  to   space 5120K, 0% used [0x0000000799500000,0x0000000799500000,0x0000000799a00000)
 ParOldGen       total 10752K, used 10629K [0x0000000740000000, 0x0000000740a80000, 0x0000000795580000)
  object space 10752K, 98% used [0x0000000740000000,0x0000000740a614a8,0x0000000740a80000)
 Metaspace       used 27418K, capacity 27558K, committed 27776K, reserved 1073152K
  class space    used 3403K, capacity 3451K, committed 3456K, reserved 1048576K
}
Event: 5.645 GC heap before
{Heap before GC invocations=19 (full 2):
 PSYoungGen      total 55296K, used 3573K [0x0000000795580000, 0x0000000799a00000, 0x00000007c0000000)
  eden space 51712K, 0% used [0x0000000795580000,0x0000000795580000,0x0000000798800000)
  from space 3584K, 99% used [0x0000000798800000,0x0000000798b7d420,0x0000000798b80000)
  to   space 5120K, 0% used [0x0000000799500000,0x0000000799500000,0x0000000799a00000)
 ParOldGen       total 10752K, used 10629K [0x0000000740000000, 0x0000000740a80000, 0x0000000795580000)
  object space 10752K, 98% used [0x0000000740000000,0x0000000740a614a8,0x0000000740a80000)
 Metaspace       used 27418K, capacity 27558K, committed 27776K, reserved 1073152K
  class space    used 3403K, capacity 3451K, committed 3456K, reserved 1048576K
Event: 5.803 GC heap after
Heap after GC invocations=19 (full 2):
 PSYoungGen      total 55296K, used 1905K [0x0000000795580000, 0x0000000799a00000, 0x00000007c0000000)
  eden space 51712K, 0% used [0x0000000795580000,0x0000000795580000,0x0000000798800000)
  from space 3584K, 53% used [0x0000000798800000,0x00000007989dc700,0x0000000798b80000)
  to   space 5120K, 0% used [0x0000000799500000,0x0000000799500000,0x0000000799a00000)
 ParOldGen       total 15360K, used 10691K [0x0000000740000000, 0x0000000740f00000, 0x0000000795580000)
  object space 15360K, 69% used [0x0000000740000000,0x0000000740a70e70,0x0000000740f00000)
 Metaspace       used 27418K, capacity 27558K, committed 27776K, reserved 1073152K
  class space    used 3403K, capacity 3451K, committed 3456K, reserved 1048576K
}
Event: 6.922 GC heap before
{Heap before GC invocations=20 (full 2):
 PSYoungGen      total 55296K, used 53617K [0x0000000795580000, 0x0000000799a00000, 0x00000007c0000000)
  eden space 51712K, 100% used [0x0000000795580000,0x0000000798800000,0x0000000798800000)
  from space 3584K, 53% used [0x0000000798800000,0x00000007989dc700,0x0000000798b80000)
  to   space 5120K, 0% used [0x0000000799500000,0x0000000799500000,0x0000000799a00000)
 ParOldGen       total 15360K, used 10691K [0x0000000740000000, 0x0000000740f00000, 0x0000000795580000)
  object space 15360K, 69% used [0x0000000740000000,0x0000000740a70e70,0x0000000740f00000)
 Metaspace       used 31687K, capacity 31902K, committed 32256K, reserved 1077248K
  class space    used 3957K, capacity 4039K, committed 4096K, reserved 1048576K
Event: 6.939 GC heap after
Heap after GC invocations=20 (full 2):
 PSYoungGen      total 61440K, used 4961K [0x0000000795580000, 0x0000000799a00000, 0x00000007c0000000)
  eden space 56320K, 0% used [0x0000000795580000,0x0000000795580000,0x0000000798c80000)
  from space 5120K, 96% used [0x0000000799500000,0x00000007999d86d8,0x0000000799a00000)
  to   space 6144K, 0% used [0x0000000798e00000,0x0000000798e00000,0x0000000799400000)
 ParOldGen       total 15360K, used 11819K [0x0000000740000000, 0x0000000740f00000, 0x0000000795580000)
  object space 15360K, 76% used [0x0000000740000000,0x0000000740b8ae80,0x0000000740f00000)
 Metaspace       used 31687K, capacity 31902K, committed 32256K, reserved 1077248K
  class space    used 3957K, capacity 4039K, committed 4096K, reserved 1048576K
}

